<?xml version="1.0" encoding="UTF-8"?>
<testng-results ignored="0" total="1" passed="1" failed="0" skipped="0">
  <reporter-output>
  </reporter-output>
  <suite started-at="2024-03-21T11:01:06 IST" name="Default suite" finished-at="2024-03-21T11:01:14 IST" duration-ms="8485">
    <groups>
    </groups>
    <test started-at="2024-03-21T11:01:06 IST" name="Default test" finished-at="2024-03-21T11:01:14 IST" duration-ms="8485">
      <class name="TestNg.TestingSimpleMethods">
        <test-method signature="TestGoogle()[pri:0, instance:TestNg.TestingSimpleMethods@5386659f]" started-at="2024-03-21T11:01:06 IST" name="TestGoogle" finished-at="2024-03-21T11:01:14 IST" duration-ms="8391" status="PASS">
          <reporter-output>
          </reporter-output>
        </test-method> <!-- TestGoogle -->
      </class> <!-- TestNg.TestingSimpleMethods -->
    </test> <!-- Default test -->
  </suite> <!-- Default suite -->
</testng-results>
